<?xml version="1.0" encoding="UTF-8"?>
<!-- Generated by org.testng.reporters.JUnitXMLReporter -->
<testsuite ignored="2" hostname="DESKTOP-141UIPT" failures="0" tests="2" name="Test-2" time="4.839" errors="0" timestamp="2022-10-31T10:54:16 IST">
  <testcase classname="com.crn.GenericLibrary.BaseClass" name="@BeforeClass launchtheBrowser" time="2.479">
    <failure type="org.openqa.selenium.SessionNotCreatedException" message="session not created: This version of ChromeDriver only supports Chrome version 98
Current browser version is 107.0.5304.88 with binary path C:\Program Files\Google\Chrome\Application\chrome.exe
Build info: version: &amp;apos;3.141.59&amp;apos;, revision: &amp;apos;e82be7d358&amp;apos;, time: &amp;apos;2018-11-14T08:17:03&amp;apos;
System info: host: &amp;apos;DESKTOP-141UIPT&amp;apos;, ip: &amp;apos;127.0.0.1&amp;apos;, os.name: &amp;apos;Windows 10&amp;apos;, os.arch: &amp;apos;amd64&amp;apos;, os.version: &amp;apos;10.0&amp;apos;, java.version: &amp;apos;17.0.1&amp;apos;
Driver info: driver.version: ChromeDriver
remote stacktrace: Backtrace:
	Ordinal0 [0x00DC69A3+2582947]
	Ordinal0 [0x00D5A6D1+2139857]
	Ordinal0 [0x00C53A98+1063576]
	Ordinal0 [0x00C733B8+1192888]
	Ordinal0 [0x00C6F235+1176117]
	Ordinal0 [0x00C6C9E1+1165793]
	Ordinal0 [0x00C9CFFF+1363967]
	Ordinal0 [0x00C9CC2A+1362986]
	Ordinal0 [0x00C98366+1344358]
	Ordinal0 [0x00C75176+1200502]
	Ordinal0 [0x00C76066+1204326]
	GetHandleVerifier [0x00F6BE02+1675858]
	GetHandleVerifier [0x0102036C+2414524]
	GetHandleVerifier [0x00E5BB01+560977]
	GetHandleVerifier [0x00E5A8D3+556323]
	Ordinal0 [0x00D6020E+2163214]
	Ordinal0 [0x00D65078+2183288]
	Ordinal0 [0x00D651C0+2183616]
	Ordinal0 [0x00D6EE1C+2223644]
	BaseThreadInitThunk [0x7679FA29+25]
	RtlGetAppContainerNamedObjectPath [0x77187BBE+286]
	RtlGetAppContainerNamedObjectPath [0x77187B8E+238]
">
      <![CDATA[org.openqa.selenium.SessionNotCreatedException: session not created: This version of ChromeDriver only supports Chrome version 98
Current browser version is 107.0.5304.88 with binary path C:\Program Files\Google\Chrome\Application\chrome.exe
Build info: version: '3.141.59', revision: 'e82be7d358', time: '2018-11-14T08:17:03'
System info: host: 'DESKTOP-141UIPT', ip: '127.0.0.1', os.name: 'Windows 10', os.arch: 'amd64', os.version: '10.0', java.version: '17.0.1'
Driver info: driver.version: ChromeDriver
remote stacktrace: Backtrace:
Ordinal0 [0x00DC69A3+2582947]
Ordinal0 [0x00D5A6D1+2139857]
Ordinal0 [0x00C53A98+1063576]
Ordinal0 [0x00C733B8+1192888]
Ordinal0 [0x00C6F235+1176117]
Ordinal0 [0x00C6C9E1+1165793]
Ordinal0 [0x00C9CFFF+1363967]
Ordinal0 [0x00C9CC2A+1362986]
Ordinal0 [0x00C98366+1344358]
Ordinal0 [0x00C75176+1200502]
Ordinal0 [0x00C76066+1204326]
GetHandleVerifier [0x00F6BE02+1675858]
GetHandleVerifier [0x0102036C+2414524]
GetHandleVerifier [0x00E5BB01+560977]
GetHandleVerifier [0x00E5A8D3+556323]
Ordinal0 [0x00D6020E+2163214]
Ordinal0 [0x00D65078+2183288]
Ordinal0 [0x00D651C0+2183616]
Ordinal0 [0x00D6EE1C+2223644]
BaseThreadInitThunk [0x7679FA29+25]
RtlGetAppContainerNamedObjectPath [0x77187BBE+286]
RtlGetAppContainerNamedObjectPath [0x77187B8E+238]

at org.openqa.selenium.remote.W3CHandshakeResponse.lambda$errorHandler$0(W3CHandshakeResponse.java:62)
at org.openqa.selenium.remote.HandshakeResponse.lambda$getResponseFunction$0(HandshakeResponse.java:30)
at org.openqa.selenium.remote.ProtocolHandshake.lambda$createSession$0(ProtocolHandshake.java:126)
at java.base/java.util.stream.ReferencePipeline$3$1.accept(ReferencePipeline.java:197)
at java.base/java.util.Spliterators$ArraySpliterator.tryAdvance(Spliterators.java:1002)
at java.base/java.util.stream.ReferencePipeline.forEachWithCancel(ReferencePipeline.java:129)
at java.base/java.util.stream.AbstractPipeline.copyIntoWithCancel(AbstractPipeline.java:527)
at java.base/java.util.stream.AbstractPipeline.copyInto(AbstractPipeline.java:513)
at java.base/java.util.stream.AbstractPipeline.wrapAndCopyInto(AbstractPipeline.java:499)
at java.base/java.util.stream.FindOps$FindOp.evaluateSequential(FindOps.java:150)
at java.base/java.util.stream.AbstractPipeline.evaluate(AbstractPipeline.java:234)
at java.base/java.util.stream.ReferencePipeline.findFirst(ReferencePipeline.java:647)
at org.openqa.selenium.remote.ProtocolHandshake.createSession(ProtocolHandshake.java:128)
at org.openqa.selenium.remote.ProtocolHandshake.createSession(ProtocolHandshake.java:74)
at org.openqa.selenium.remote.HttpCommandExecutor.execute(HttpCommandExecutor.java:136)
at org.openqa.selenium.remote.service.DriverCommandExecutor.execute(DriverCommandExecutor.java:83)
at org.openqa.selenium.remote.RemoteWebDriver.execute(RemoteWebDriver.java:552)
at org.openqa.selenium.remote.RemoteWebDriver.startSession(RemoteWebDriver.java:213)
at org.openqa.selenium.remote.RemoteWebDriver.<init>(RemoteWebDriver.java:131)
at org.openqa.selenium.chrome.ChromeDriver.<init>(ChromeDriver.java:181)
at org.openqa.selenium.chrome.ChromeDriver.<init>(ChromeDriver.java:168)
at org.openqa.selenium.chrome.ChromeDriver.<init>(ChromeDriver.java:123)
at com.crn.GenericLibrary.BaseClass.launchtheBrowser(BaseClass.java:53)
at java.base/java.util.ArrayList.forEach(ArrayList.java:1511)
at java.base/java.util.concurrent.FutureTask.run(FutureTask.java:264)
at java.base/java.util.concurrent.ThreadPoolExecutor.runWorker(ThreadPoolExecutor.java:1136)
at java.base/java.util.concurrent.ThreadPoolExecutor$Worker.run(ThreadPoolExecutor.java:635)
at java.base/java.lang.Thread.run(Thread.java:833)
... Removed 21 stack frames]]>
    </failure>
  </testcase> <!-- @BeforeClass launchtheBrowser -->
  <testcase classname="com.crn.GenericLibrary.BaseClass" name="@BeforeMethod login" time="-1.667193853868E9">
    <skipped/>
  </testcase> <!-- @BeforeMethod login -->
  <testcase classname="com.crn.GenericLibrary.BaseClass" name="@AfterMethod logout" time="-1.667193853931E9">
    <skipped/>
  </testcase> <!-- @AfterMethod logout -->
  <testcase classname="com.crn.GenericLibrary.BaseClass" name="@AfterClass closebrowser" time="-1.667193853936E9">
    <skipped/>
  </testcase> <!-- @AfterClass closebrowser -->
  <testcase classname="com.crn.GenericLibrary.BaseClass" name="@BeforeClass launchtheBrowser" time="1.714">
    <failure type="org.openqa.selenium.SessionNotCreatedException" message="session not created: This version of ChromeDriver only supports Chrome version 98
Current browser version is 107.0.5304.88 with binary path C:\Program Files\Google\Chrome\Application\chrome.exe
Build info: version: &amp;apos;3.141.59&amp;apos;, revision: &amp;apos;e82be7d358&amp;apos;, time: &amp;apos;2018-11-14T08:17:03&amp;apos;
System info: host: &amp;apos;DESKTOP-141UIPT&amp;apos;, ip: &amp;apos;127.0.0.1&amp;apos;, os.name: &amp;apos;Windows 10&amp;apos;, os.arch: &amp;apos;amd64&amp;apos;, os.version: &amp;apos;10.0&amp;apos;, java.version: &amp;apos;17.0.1&amp;apos;
Driver info: driver.version: ChromeDriver
remote stacktrace: Backtrace:
	Ordinal0 [0x00DC69A3+2582947]
	Ordinal0 [0x00D5A6D1+2139857]
	Ordinal0 [0x00C53A98+1063576]
	Ordinal0 [0x00C733B8+1192888]
	Ordinal0 [0x00C6F235+1176117]
	Ordinal0 [0x00C6C9E1+1165793]
	Ordinal0 [0x00C9CFFF+1363967]
	Ordinal0 [0x00C9CC2A+1362986]
	Ordinal0 [0x00C98366+1344358]
	Ordinal0 [0x00C75176+1200502]
	Ordinal0 [0x00C76066+1204326]
	GetHandleVerifier [0x00F6BE02+1675858]
	GetHandleVerifier [0x0102036C+2414524]
	GetHandleVerifier [0x00E5BB01+560977]
	GetHandleVerifier [0x00E5A8D3+556323]
	Ordinal0 [0x00D6020E+2163214]
	Ordinal0 [0x00D65078+2183288]
	Ordinal0 [0x00D651C0+2183616]
	Ordinal0 [0x00D6EE1C+2223644]
	BaseThreadInitThunk [0x7679FA29+25]
	RtlGetAppContainerNamedObjectPath [0x77187BBE+286]
	RtlGetAppContainerNamedObjectPath [0x77187B8E+238]
">
      <![CDATA[org.openqa.selenium.SessionNotCreatedException: session not created: This version of ChromeDriver only supports Chrome version 98
Current browser version is 107.0.5304.88 with binary path C:\Program Files\Google\Chrome\Application\chrome.exe
Build info: version: '3.141.59', revision: 'e82be7d358', time: '2018-11-14T08:17:03'
System info: host: 'DESKTOP-141UIPT', ip: '127.0.0.1', os.name: 'Windows 10', os.arch: 'amd64', os.version: '10.0', java.version: '17.0.1'
Driver info: driver.version: ChromeDriver
remote stacktrace: Backtrace:
Ordinal0 [0x00DC69A3+2582947]
Ordinal0 [0x00D5A6D1+2139857]
Ordinal0 [0x00C53A98+1063576]
Ordinal0 [0x00C733B8+1192888]
Ordinal0 [0x00C6F235+1176117]
Ordinal0 [0x00C6C9E1+1165793]
Ordinal0 [0x00C9CFFF+1363967]
Ordinal0 [0x00C9CC2A+1362986]
Ordinal0 [0x00C98366+1344358]
Ordinal0 [0x00C75176+1200502]
Ordinal0 [0x00C76066+1204326]
GetHandleVerifier [0x00F6BE02+1675858]
GetHandleVerifier [0x0102036C+2414524]
GetHandleVerifier [0x00E5BB01+560977]
GetHandleVerifier [0x00E5A8D3+556323]
Ordinal0 [0x00D6020E+2163214]
Ordinal0 [0x00D65078+2183288]
Ordinal0 [0x00D651C0+2183616]
Ordinal0 [0x00D6EE1C+2223644]
BaseThreadInitThunk [0x7679FA29+25]
RtlGetAppContainerNamedObjectPath [0x77187BBE+286]
RtlGetAppContainerNamedObjectPath [0x77187B8E+238]

at org.openqa.selenium.remote.W3CHandshakeResponse.lambda$errorHandler$0(W3CHandshakeResponse.java:62)
at org.openqa.selenium.remote.HandshakeResponse.lambda$getResponseFunction$0(HandshakeResponse.java:30)
at org.openqa.selenium.remote.ProtocolHandshake.lambda$createSession$0(ProtocolHandshake.java:126)
at java.base/java.util.stream.ReferencePipeline$3$1.accept(ReferencePipeline.java:197)
at java.base/java.util.Spliterators$ArraySpliterator.tryAdvance(Spliterators.java:1002)
at java.base/java.util.stream.ReferencePipeline.forEachWithCancel(ReferencePipeline.java:129)
at java.base/java.util.stream.AbstractPipeline.copyIntoWithCancel(AbstractPipeline.java:527)
at java.base/java.util.stream.AbstractPipeline.copyInto(AbstractPipeline.java:513)
at java.base/java.util.stream.AbstractPipeline.wrapAndCopyInto(AbstractPipeline.java:499)
at java.base/java.util.stream.FindOps$FindOp.evaluateSequential(FindOps.java:150)
at java.base/java.util.stream.AbstractPipeline.evaluate(AbstractPipeline.java:234)
at java.base/java.util.stream.ReferencePipeline.findFirst(ReferencePipeline.java:647)
at org.openqa.selenium.remote.ProtocolHandshake.createSession(ProtocolHandshake.java:128)
at org.openqa.selenium.remote.ProtocolHandshake.createSession(ProtocolHandshake.java:74)
at org.openqa.selenium.remote.HttpCommandExecutor.execute(HttpCommandExecutor.java:136)
at org.openqa.selenium.remote.service.DriverCommandExecutor.execute(DriverCommandExecutor.java:83)
at org.openqa.selenium.remote.RemoteWebDriver.execute(RemoteWebDriver.java:552)
at org.openqa.selenium.remote.RemoteWebDriver.startSession(RemoteWebDriver.java:213)
at org.openqa.selenium.remote.RemoteWebDriver.<init>(RemoteWebDriver.java:131)
at org.openqa.selenium.chrome.ChromeDriver.<init>(ChromeDriver.java:181)
at org.openqa.selenium.chrome.ChromeDriver.<init>(ChromeDriver.java:168)
at org.openqa.selenium.chrome.ChromeDriver.<init>(ChromeDriver.java:123)
at com.crn.GenericLibrary.BaseClass.launchtheBrowser(BaseClass.java:53)
at java.base/java.util.ArrayList.forEach(ArrayList.java:1511)
at java.base/java.util.concurrent.FutureTask.run(FutureTask.java:264)
at java.base/java.util.concurrent.ThreadPoolExecutor.runWorker(ThreadPoolExecutor.java:1136)
at java.base/java.util.concurrent.ThreadPoolExecutor$Worker.run(ThreadPoolExecutor.java:635)
at java.base/java.lang.Thread.run(Thread.java:833)
... Removed 21 stack frames]]>
    </failure>
  </testcase> <!-- @BeforeClass launchtheBrowser -->
  <testcase classname="com.crn.GenericLibrary.BaseClass" name="@BeforeMethod login" time="-1.667193855672E9">
    <skipped/>
  </testcase> <!-- @BeforeMethod login -->
  <testcase classname="com.crn.GenericLibrary.BaseClass" name="@AfterMethod logout" time="-1.667193855681E9">
    <skipped/>
  </testcase> <!-- @AfterMethod logout -->
  <testcase classname="com.crn.GenericLibrary.BaseClass" name="@AfterClass closebrowser" time="-1.667193855683E9">
    <skipped/>
  </testcase> <!-- @AfterClass closebrowser -->
  <testcase classname="TestNGUsingAnnotations.SearchLeadByClickingOnSalution" name="searchLeadByClickingOnSalution" time="0.0">
    <skipped/>
  </testcase> <!-- searchLeadByClickingOnSalution -->
  <testcase classname="TestNGUsingAnnotations.CreateContact" name="contactsLinksTest" time="0.0">
    <skipped/>
  </testcase> <!-- contactsLinksTest -->
  <testcase classname="com.crn.GenericLibrary.BaseClass" name="@AfterSuite closedb" time="0.0">
    <ignored/>
  </testcase> <!-- @AfterSuite closedb -->
  <testcase classname="com.crn.GenericLibrary.BaseClass" name="@BeforeSuite connectToDataBase" time="0.0">
    <ignored/>
  </testcase> <!-- @BeforeSuite connectToDataBase -->
</testsuite> <!-- Test-2 -->
