<?xml version="1.0" encoding="UTF-8"?>
<!-- Generated by org.testng.reporters.JUnitReportReporter -->
<testsuite hostname="DESKTOP-141UIPT" failures="0" tests="10" name="com.crmPRACTICE.DataProviderPractice" time="0.070" errors="0" timestamp="2022-04-06T22:28:51 IST" skipped="0">
  <testcase classname="com.crmPRACTICE.DataProviderPractice" name="sampleDataProvider62" time="0.005"/>
  <system-out/>
  <testcase classname="com.crmPRACTICE.DataProviderPractice" name="sampleDataProvider62" time="0.006"/>
  <system-out/>
  <testcase classname="com.crmPRACTICE.DataProviderPractice" name="sampleDataProvider62" time="0.003"/>
  <system-out/>
  <testcase classname="com.crmPRACTICE.DataProviderPractice" name="sampleDataProvider" time="0.002"/>
  <system-out/>
  <testcase classname="com.crmPRACTICE.DataProviderPractice" name="sampleDataProvider62" time="0.006"/>
  <system-out/>
  <testcase classname="com.crmPRACTICE.DataProviderPractice" name="sampleDataProvider" time="0.006"/>
  <system-out/>
  <testcase classname="com.crmPRACTICE.DataProviderPractice" name="sampleDataProvider" time="0.009"/>
  <system-out/>
  <testcase classname="com.crmPRACTICE.DataProviderPractice" name="sampleDataProvider62" time="0.005"/>
  <system-out/>
  <testcase classname="com.crmPRACTICE.DataProviderPractice" name="sampleDataProvider62" time="0.020"/>
  <system-out/>
  <testcase classname="com.crmPRACTICE.DataProviderPractice" name="sampleDataProvider" time="0.008"/>
  <system-out/>
</testsuite> <!-- com.crmPRACTICE.DataProviderPractice -->
