<?xml version="1.0" encoding="UTF-8"?>
<!-- Generated by org.testng.reporters.JUnitReportReporter -->
<testsuite hostname="DESKTOP-141UIPT" failures="0" tests="1" name="com.crmPRACTICE.SampleJDBCExecuteQuery" time="0.345" errors="0" timestamp="2022-02-16T12:35:06 IST" skipped="0">
  <testcase classname="com.crmPRACTICE.SampleJDBCExecuteQuery" name="sampleJDBCExecuteQuery" time="0.345"/>
  <system-out/>
</testsuite> <!-- com.crmPRACTICE.SampleJDBCExecuteQuery -->
