<?xml version="1.0" encoding="UTF-8"?>
<!-- Generated by org.testng.reporters.JUnitReportReporter -->
<testsuite hostname="DESKTOP-141UIPT" failures="0" tests="1" name="com.crmPRACTICE.SampleVerificationofData" time="0.359" errors="0" timestamp="2022-02-16T13:41:15 IST" skipped="0">
  <testcase classname="com.crmPRACTICE.SampleVerificationofData" name="SampleVerificationofData" time="0.359"/>
  <system-out/>
</testsuite> <!-- com.crmPRACTICE.SampleVerificationofData -->
