<?xml version="1.0" encoding="UTF-8"?>
<!-- Generated by org.testng.reporters.JUnitReportReporter -->
<testsuite hostname="DESKTOP-141UIPT" failures="0" tests="1" name="CalenderPopUp.BookTicketInGoibiboChooseAnyDateInCalenderTest" time="11.566" errors="0" timestamp="2022-03-21T11:39:50 IST" skipped="0">
  <testcase classname="CalenderPopUp.BookTicketInGoibiboChooseAnyDateInCalenderTest" name="bookTicketInGoibibo" time="11.566"/>
  <system-out/>
</testsuite> <!-- CalenderPopUp.BookTicketInGoibiboChooseAnyDateInCalenderTest -->
