<?xml version="1.0" encoding="UTF-8"?>
<!-- Generated by org.testng.reporters.JUnitReportReporter -->
<testsuite hostname="DESKTOP-141UIPT" failures="0" tests="1" name="com.crmPRACTICE.ReadDatafromExcelSheetTest" time="0.912" errors="0" timestamp="2022-02-17T16:11:16 IST" skipped="0">
  <testcase classname="com.crmPRACTICE.ReadDatafromExcelSheetTest" name="readDataFromexcelsheetTest" time="0.912"/>
  <system-out/>
</testsuite> <!-- com.crmPRACTICE.ReadDatafromExcelSheetTest -->
