<?xml version="1.0" encoding="UTF-8"?>
<!-- Generated by org.testng.reporters.JUnitReportReporter -->
<testsuite hostname="DESKTOP-141UIPT" failures="0" tests="1" name="TestNGUsingAnnotations.RetryAnalyzerImplementationCreateContact" time="33.801" errors="0" timestamp="2022-03-06T19:50:24 IST" skipped="0">
  <testcase classname="TestNGUsingAnnotations.RetryAnalyzerImplementationCreateContact" name="contactsLinksTest" time="33.801"/>
  <system-out>
    <![CDATA[contactsLinksTest--- testscript execution started
Creating new contact
contact Created
contactsLinksTest--- testscript execution sucessfull - PASS]]>
  </system-out>
</testsuite> <!-- TestNGUsingAnnotations.RetryAnalyzerImplementationCreateContact -->
