<?xml version="1.0" encoding="UTF-8"?>
<!-- Generated by org.testng.reporters.JUnitReportReporter -->
<testsuite hostname="DESKTOP-141UIPT" failures="0" tests="1" name="TestNGUsingAnnotations.OrganizationWithIndType" time="15.377" errors="0" timestamp="2022-03-04T12:18:39 IST" skipped="0">
  <testcase classname="TestNGUsingAnnotations.OrganizationWithIndType" name="organizationWithIndustryTest" time="15.377"/>
  <system-out>
    <![CDATA[organizationWithIndustryTest--- testscript execution started
organizationWithIndustryTest--- testscript execution sucessfull - PASS]]>
  </system-out>
</testsuite> <!-- TestNGUsingAnnotations.OrganizationWithIndType -->
