<?xml version="1.0" encoding="UTF-8"?>
<!-- Generated by org.testng.reporters.JUnitReportReporter -->
<testsuite hostname="DESKTOP-141UIPT" failures="0" tests="1" name="com.crmPRACTICE.SampleJDBCExecuteFinallyQuery" time="0.335" errors="0" timestamp="2022-02-21T10:34:08 IST" skipped="0">
  <testcase classname="com.crmPRACTICE.SampleJDBCExecuteFinallyQuery" name="sampleJDBCExecuteFinallyQuery" time="0.335"/>
  <system-out/>
</testsuite> <!-- com.crmPRACTICE.SampleJDBCExecuteFinallyQuery -->
