<?xml version="1.0" encoding="UTF-8"?>
<!-- Generated by org.testng.reporters.JUnitReportReporter -->
<testsuite hostname="DESKTOP-141UIPT" failures="0" tests="1" name="com.crmPRACTICE.ReadDataFromSuiteXMLfileTest" time="0.011" errors="0" timestamp="2022-02-28T14:41:56 IST" skipped="0">
  <testcase classname="com.crmPRACTICE.ReadDataFromSuiteXMLfileTest" name="readDataFromXML" time="0.011"/>
  <system-out/>
</testsuite> <!-- com.crmPRACTICE.ReadDataFromSuiteXMLfileTest -->
