<?xml version="1.0" encoding="UTF-8"?>
<!-- Generated by org.testng.reporters.JUnitReportReporter -->
<testsuite hostname="DESKTOP-141UIPT" failures="0" tests="1" name="com.crm.Assignment.SearchLeadByClickingOnDescription" time="24.036" errors="0" timestamp="2022-02-23T12:31:42 IST" skipped="0">
  <testcase classname="com.crm.Assignment.SearchLeadByClickingOnDescription" name="searchLeadByClickingOnDescription" time="24.036"/>
  <system-out/>
</testsuite> <!-- com.crm.Assignment.SearchLeadByClickingOnDescription -->
