<?xml version="1.0" encoding="UTF-8"?>
<!-- Generated by org.testng.reporters.JUnitReportReporter -->
<testsuite hostname="DESKTOP-141UIPT" failures="0" tests="1" name="com.crmPRACTICE.PageObjectPractice" time="11.547" errors="0" timestamp="2022-02-23T17:05:17 IST" skipped="0">
  <testcase classname="com.crmPRACTICE.PageObjectPractice" name="pageObjectPractice" time="11.547"/>
  <system-out/>
</testsuite> <!-- com.crmPRACTICE.PageObjectPractice -->
