<?xml version="1.0" encoding="UTF-8"?>
<!-- Generated by org.testng.reporters.JUnitReportReporter -->
<testsuite hostname="DESKTOP-141UIPT" failures="0" tests="1" name="com.crm.Assignment.SearchLeadByClickingOnSalution" time="29.380" errors="0" timestamp="2022-02-27T13:28:01 IST" skipped="0">
  <testcase classname="com.crm.Assignment.SearchLeadByClickingOnSalution" name="searchLeadByClickingOnSalution" time="29.380"/>
  <system-out/>
</testsuite> <!-- com.crm.Assignment.SearchLeadByClickingOnSalution -->
