<?xml version="1.0" encoding="UTF-8"?>
<!-- Generated by org.testng.reporters.JUnitReportReporter -->
<testsuite hostname="DESKTOP-141UIPT" failures="0" tests="1" name="CalenderPopUp.BookTicketInGoibiboChooseAnyDateInCalender" time="9.926" errors="0" timestamp="2022-03-09T17:36:05 IST" skipped="0">
  <testcase classname="CalenderPopUp.BookTicketInGoibiboChooseAnyDateInCalender" name="bookTicketInGoibibo" time="9.926"/>
  <system-out/>
</testsuite> <!-- CalenderPopUp.BookTicketInGoibiboChooseAnyDateInCalender -->
