<?xml version="1.0" encoding="UTF-8"?>
<!-- Generated by org.testng.reporters.JUnitReportReporter -->
<testsuite hostname="DESKTOP-141UIPT" failures="0" tests="1" name="CalenderPopUp.BookTicketInGoibibo" time="14.700" errors="0" timestamp="2022-03-09T16:37:43 IST" skipped="0">
  <testcase classname="CalenderPopUp.BookTicketInGoibibo" name="bookTicket" time="14.700"/>
  <system-out/>
</testsuite> <!-- CalenderPopUp.BookTicketInGoibibo -->
