<?xml version="1.0" encoding="UTF-8"?>
<!-- Generated by org.testng.reporters.JUnitReportReporter -->
<testsuite hostname="DESKTOP-141UIPT" failures="0" tests="6" name="com.crmPRACTICE.CreateOrgWithMultipleData" time="105.462" errors="0" timestamp="2022-02-28T20:17:49 IST" skipped="0">
  <testcase classname="com.crmPRACTICE.CreateOrgWithMultipleData" name="createOrgWithMultipleData" time="19.144"/>
  <system-out>
    <![CDATA[login successful
navigated to org link
click on create org link
create org with insustry type
verification successful]]>
  </system-out>
  <testcase classname="com.crmPRACTICE.CreateOrgWithMultipleData" name="createOrgWithMultipleData" time="17.041"/>
  <system-out>
    <![CDATA[login successful
navigated to org link
click on create org link
create org with insustry type
verification successful]]>
  </system-out>
  <testcase classname="com.crmPRACTICE.CreateOrgWithMultipleData" name="createOrgWithMultipleData" time="17.973"/>
  <system-out>
    <![CDATA[login successful
navigated to org link
click on create org link
create org with insustry type
verification successful]]>
  </system-out>
  <testcase classname="com.crmPRACTICE.CreateOrgWithMultipleData" name="createOrgWithMultipleData" time="18.076"/>
  <system-out>
    <![CDATA[login successful
navigated to org link
click on create org link
create org with insustry type
verification successful]]>
  </system-out>
  <testcase classname="com.crmPRACTICE.CreateOrgWithMultipleData" name="createOrgWithMultipleData" time="16.889"/>
  <system-out>
    <![CDATA[login successful
navigated to org link
click on create org link
create org with insustry type
verification successful]]>
  </system-out>
  <testcase classname="com.crmPRACTICE.CreateOrgWithMultipleData" name="createOrgWithMultipleData" time="16.339"/>
  <system-out>
    <![CDATA[login successful
navigated to org link
click on create org link
create org with insustry type
verification successful]]>
  </system-out>
</testsuite> <!-- com.crmPRACTICE.CreateOrgWithMultipleData -->
