<?xml version="1.0" encoding="UTF-8"?>
<!-- Generated by org.testng.reporters.JUnitReportReporter -->
<testsuite hostname="DESKTOP-141UIPT" failures="0" tests="1" name="CalenderPopUp.BookTicketInGoibiboSelectOneDate" time="11.373" errors="0" timestamp="2022-03-09T17:34:48 IST" skipped="0">
  <testcase classname="CalenderPopUp.BookTicketInGoibiboSelectOneDate" name="bookTicket" time="11.373"/>
  <system-out/>
</testsuite> <!-- CalenderPopUp.BookTicketInGoibiboSelectOneDate -->
