<?xml version="1.0" encoding="UTF-8"?>
<!-- Generated by org.testng.reporters.JUnitReportReporter -->
<testsuite hostname="DESKTOP-141UIPT" failures="0" tests="1" name="com.crmPRACTICE.PropertyFilePractice" time="0.013" errors="0" timestamp="2022-02-16T22:19:00 IST" skipped="0">
  <testcase classname="com.crmPRACTICE.PropertyFilePractice" name="propertyFilePractce" time="0.013"/>
  <system-out/>
</testsuite> <!-- com.crmPRACTICE.PropertyFilePractice -->
