<?xml version="1.0" encoding="UTF-8"?>
<!-- Generated by org.testng.reporters.JUnitReportReporter -->
<testsuite hostname="DESKTOP-141UIPT" failures="0" tests="1" name="com.crm.Assignment.SearchLeadByAdvanceSearch" time="21.647" errors="0" timestamp="2022-02-27T13:37:47 IST" skipped="0">
  <testcase classname="com.crm.Assignment.SearchLeadByAdvanceSearch" name="searchleadByAdvancesearch" time="21.647"/>
  <system-out/>
</testsuite> <!-- com.crm.Assignment.SearchLeadByAdvanceSearch -->
