<?xml version="1.0" encoding="UTF-8"?>
<!-- Generated by org.testng.reporters.JUnitReportReporter -->
<testsuite hostname="DESKTOP-141UIPT" failures="0" tests="1" name="TestNGUsingAnnotations.ContactWithOrganizationName" time="26.639" errors="0" timestamp="2022-03-01T16:44:39 IST" skipped="0">
  <testcase classname="TestNGUsingAnnotations.ContactWithOrganizationName" name="createContactWithOrgTest" time="26.639"/>
  <system-out/>
</testsuite> <!-- TestNGUsingAnnotations.ContactWithOrganizationName -->
