<?xml version="1.0" encoding="UTF-8"?>
<!-- Generated by org.testng.reporters.JUnitReportReporter -->
<testsuite hostname="DESKTOP-141UIPT" failures="0" tests="1" name="com.crm.Assignment.SearchLeadByClickingOnAddressInfo" time="24.020" errors="0" timestamp="2022-02-23T12:30:34 IST" skipped="0">
  <testcase classname="com.crm.Assignment.SearchLeadByClickingOnAddressInfo" name="searchLeadByClickingonAddressinfo" time="24.020"/>
  <system-out/>
</testsuite> <!-- com.crm.Assignment.SearchLeadByClickingOnAddressInfo -->
