<?xml version="1.0" encoding="UTF-8"?>
<!-- Generated by org.testng.reporters.JUnitReportReporter -->
<testsuite hostname="DESKTOP-141UIPT" failures="0" tests="1" name="TestNGUsingAnnotations.LeadByAdvanceSearch" time="17.069" errors="0" timestamp="2022-03-03T23:02:11 IST" skipped="0">
  <testcase classname="TestNGUsingAnnotations.LeadByAdvanceSearch" name="searchleadByAdvancesearch" time="17.069"/>
  <system-out/>
</testsuite> <!-- TestNGUsingAnnotations.LeadByAdvanceSearch -->
