<?xml version="1.0" encoding="UTF-8"?>
<!-- Generated by org.testng.reporters.JUnitReportReporter -->
<testsuite hostname="DESKTOP-141UIPT" failures="0" tests="1" name="com.crm.OrganizationTests.CreateOrganizationWthType" time="14.784" errors="0" timestamp="2022-02-24T16:13:52 IST" skipped="0">
  <testcase classname="com.crm.OrganizationTests.CreateOrganizationWthType" name="createOrganizationWithType" time="14.784"/>
  <system-out/>
</testsuite> <!-- com.crm.OrganizationTests.CreateOrganizationWthType -->
