<?xml version="1.0" encoding="UTF-8"?>
<!-- Generated by org.testng.reporters.JUnitReportReporter -->
<testsuite hostname="DESKTOP-141UIPT" failures="0" tests="1" name="com.crm.ContactsTests.ContactsLinksTest" time="17.979" errors="0" timestamp="2022-02-24T10:41:18 IST" skipped="0">
  <testcase classname="com.crm.ContactsTests.ContactsLinksTest" name="contactsLinksTest" time="17.979"/>
  <system-out/>
</testsuite> <!-- com.crm.ContactsTests.ContactsLinksTest -->
