<?xml version="1.0" encoding="UTF-8"?>
<!-- Generated by org.testng.reporters.JUnitReportReporter -->
<testsuite hostname="DESKTOP-141UIPT" failures="0" tests="1" name="CalenderPopUp.SelectAnyDateFromTheCalender" time="42.275" errors="0" timestamp="2022-03-09T16:39:01 IST" skipped="0">
  <testcase classname="CalenderPopUp.SelectAnyDateFromTheCalender" name="selectAnyDateFromCalender" time="42.275"/>
  <system-out/>
</testsuite> <!-- CalenderPopUp.SelectAnyDateFromTheCalender -->
