<?xml version="1.0" encoding="UTF-8"?>
<!-- Generated by org.testng.reporters.JUnitReportReporter -->
<testsuite hostname="DESKTOP-141UIPT" failures="0" tests="1" name="com.crmPRACTICE.ReadDataFromSuiteXMLfileTest" time="0.014" errors="0" timestamp="2022-10-29T16:50:55 IST" skipped="0">
  <testcase classname="com.crmPRACTICE.ReadDataFromSuiteXMLfileTest" name="readDataFromXML" time="0.014"/>
  <system-out/>
</testsuite> <!-- com.crmPRACTICE.ReadDataFromSuiteXMLfileTest -->
