<?xml version="1.0" encoding="UTF-8"?>
<!-- Generated by org.testng.reporters.JUnitReportReporter -->
<testsuite hostname="DESKTOP-141UIPT" failures="0" tests="10" name="com.crmPRACTICE.CreateMultipleContacts" time="166.999" errors="0" timestamp="2022-02-28T22:41:30 IST" skipped="0">
  <testcase classname="com.crmPRACTICE.CreateMultipleContacts" name="createMultipleContacts" time="16.244"/>
  <system-out>
    <![CDATA[login successful
Contact Created Successfully
verification successful]]>
  </system-out>
  <testcase classname="com.crmPRACTICE.CreateMultipleContacts" name="createMultipleContacts" time="16.546"/>
  <system-out>
    <![CDATA[login successful
Contact Created Successfully
verification successful]]>
  </system-out>
  <testcase classname="com.crmPRACTICE.CreateMultipleContacts" name="createMultipleContacts" time="19.023"/>
  <system-out>
    <![CDATA[login successful
Contact Created Successfully
verification successful]]>
  </system-out>
  <testcase classname="com.crmPRACTICE.CreateMultipleContacts" name="createMultipleContacts" time="16.033"/>
  <system-out>
    <![CDATA[login successful
Contact Created Successfully
verification successful]]>
  </system-out>
  <testcase classname="com.crmPRACTICE.CreateMultipleContacts" name="createMultipleContacts" time="16.310"/>
  <system-out>
    <![CDATA[login successful
Contact Created Successfully
verification successful]]>
  </system-out>
  <testcase classname="com.crmPRACTICE.CreateMultipleContacts" name="createMultipleContacts" time="16.201"/>
  <system-out>
    <![CDATA[login successful
Contact Created Successfully
verification successful]]>
  </system-out>
  <testcase classname="com.crmPRACTICE.CreateMultipleContacts" name="createMultipleContacts" time="17.073"/>
  <system-out>
    <![CDATA[login successful
Contact Created Successfully
verification successful]]>
  </system-out>
  <testcase classname="com.crmPRACTICE.CreateMultipleContacts" name="createMultipleContacts" time="16.495"/>
  <system-out>
    <![CDATA[login successful
Contact Created Successfully
verification successful]]>
  </system-out>
  <testcase classname="com.crmPRACTICE.CreateMultipleContacts" name="createMultipleContacts" time="16.308"/>
  <system-out>
    <![CDATA[login successful
Contact Created Successfully
verification successful]]>
  </system-out>
  <testcase classname="com.crmPRACTICE.CreateMultipleContacts" name="createMultipleContacts" time="16.766"/>
  <system-out>
    <![CDATA[login successful
Contact Created Successfully
verification successful]]>
  </system-out>
</testsuite> <!-- com.crmPRACTICE.CreateMultipleContacts -->
