<?xml version="1.0" encoding="UTF-8"?>
<!-- Generated by org.testng.reporters.JUnitReportReporter -->
<testsuite hostname="DESKTOP-141UIPT" failures="0" tests="1" name="TestNGUsingAnnotations.EditLeadByClickingOnEditOption" time="18.670" errors="0" timestamp="2022-03-01T22:59:39 IST" skipped="0">
  <testcase classname="TestNGUsingAnnotations.EditLeadByClickingOnEditOption" name="editLeadByClickingOnEditOption" time="18.670"/>
  <system-out/>
</testsuite> <!-- TestNGUsingAnnotations.EditLeadByClickingOnEditOption -->
