<?xml version="1.0" encoding="UTF-8"?>
<!-- Generated by org.testng.reporters.JUnitReportReporter -->
<testsuite hostname="DESKTOP-141UIPT" failures="0" tests="1" name="com.crmPRACTICE.WriteDataIntoExcelsheetTest" time="1.168" errors="0" timestamp="2022-02-17T16:29:14 IST" skipped="0">
  <testcase classname="com.crmPRACTICE.WriteDataIntoExcelsheetTest" name="writeDataintoExcelSheetTest" time="1.168"/>
  <system-out/>
</testsuite> <!-- com.crmPRACTICE.WriteDataIntoExcelsheetTest -->
