<?xml version="1.0" encoding="UTF-8"?>
<!-- Generated by org.testng.reporters.JUnitReportReporter -->
<testsuite hostname="DESKTOP-141UIPT" failures="0" tests="6" name="com.crmPRACTICE.CreateOrgwithIndtypeandTypeMultipleData" time="108.935" errors="0" timestamp="2022-02-28T21:02:19 IST" skipped="0">
  <testcase classname="com.crmPRACTICE.CreateOrgwithIndtypeandTypeMultipleData" name="createOrgWithIndtypeandTypemultipleData" time="17.948"/>
  <system-out>
    <![CDATA[login successful
navigated to org link
click on create org link
create org with insustry type
verification successful]]>
  </system-out>
  <testcase classname="com.crmPRACTICE.CreateOrgwithIndtypeandTypeMultipleData" name="createOrgWithIndtypeandTypemultipleData" time="16.660"/>
  <system-out>
    <![CDATA[login successful
navigated to org link
click on create org link
create org with insustry type
verification successful]]>
  </system-out>
  <testcase classname="com.crmPRACTICE.CreateOrgwithIndtypeandTypeMultipleData" name="createOrgWithIndtypeandTypemultipleData" time="18.117"/>
  <system-out>
    <![CDATA[login successful
navigated to org link
click on create org link
create org with insustry type
verification successful]]>
  </system-out>
  <testcase classname="com.crmPRACTICE.CreateOrgwithIndtypeandTypeMultipleData" name="createOrgWithIndtypeandTypemultipleData" time="16.828"/>
  <system-out>
    <![CDATA[login successful
navigated to org link
click on create org link
create org with insustry type
verification successful]]>
  </system-out>
  <testcase classname="com.crmPRACTICE.CreateOrgwithIndtypeandTypeMultipleData" name="createOrgWithIndtypeandTypemultipleData" time="16.641"/>
  <system-out>
    <![CDATA[login successful
navigated to org link
click on create org link
create org with insustry type
verification successful]]>
  </system-out>
  <testcase classname="com.crmPRACTICE.CreateOrgwithIndtypeandTypeMultipleData" name="createOrgWithIndtypeandTypemultipleData" time="22.741"/>
  <system-out>
    <![CDATA[login successful
navigated to org link
click on create org link
create org with insustry type
verification successful]]>
  </system-out>
</testsuite> <!-- com.crmPRACTICE.CreateOrgwithIndtypeandTypeMultipleData -->
