<?xml version="1.0" encoding="UTF-8"?>
<!-- Generated by org.testng.reporters.JUnitReportReporter -->
<testsuite hostname="DESKTOP-141UIPT" failures="0" tests="1" name="com.crm.Assignment.EditLeadByClickingonEditOption" time="22.758" errors="0" timestamp="2022-02-27T12:59:46 IST" skipped="0">
  <testcase classname="com.crm.Assignment.EditLeadByClickingonEditOption" name="editLeadByClickingOnEditOption" time="22.758"/>
  <system-out/>
</testsuite> <!-- com.crm.Assignment.EditLeadByClickingonEditOption -->
