<?xml version="1.0" encoding="UTF-8"?>
<!-- Generated by org.testng.reporters.JUnitReportReporter -->
<testsuite hostname="DESKTOP-141UIPT" failures="0" tests="1" name="TestNGUsingAnnotations.ToPrintLastNameInConsole" time="11.120" errors="0" timestamp="2022-03-09T10:09:38 IST" skipped="0">
  <testcase classname="TestNGUsingAnnotations.ToPrintLastNameInConsole" name="toPrintLastName" time="11.120"/>
  <system-out>
    <![CDATA[clicked on ContactLnk]]>
  </system-out>
</testsuite> <!-- TestNGUsingAnnotations.ToPrintLastNameInConsole -->
