<?xml version="1.0" encoding="UTF-8"?>
<!-- Generated by org.testng.reporters.JUnitReportReporter -->
<testsuite hostname="DESKTOP-141UIPT" failures="0" tests="3" name="com.crmPRACTICE.TestNGPractice" time="0.022" errors="0" timestamp="2022-02-28T14:43:08 IST" skipped="0">
  <testcase classname="com.crmPRACTICE.TestNGPractice" name="createOrg" time="0.014"/>
  <system-out>
    <![CDATA[hello]]>
  </system-out>
  <testcase classname="com.crmPRACTICE.TestNGPractice" name="deleteOrg" time="0.003"/>
  <system-out/>
  <testcase classname="com.crmPRACTICE.TestNGPractice" name="modifyOrg" time="0.005"/>
  <system-out/>
</testsuite> <!-- com.crmPRACTICE.TestNGPractice -->
