<?xml version="1.0" encoding="UTF-8"?>
<!-- Generated by org.testng.reporters.JUnitReportReporter -->
<testsuite hostname="DESKTOP-141UIPT" failures="0" tests="1" name="TestNGUsingAnnotations.CreateContact" time="14.337" errors="0" timestamp="2022-03-03T23:02:11 IST" skipped="0">
  <testcase classname="TestNGUsingAnnotations.CreateContact" name="contactsLinksTest" time="14.337"/>
  <system-out>
    <![CDATA[clicked on ContactLnk
contact Created]]>
  </system-out>
</testsuite> <!-- TestNGUsingAnnotations.CreateContact -->
