<?xml version="1.0" encoding="UTF-8"?>
<!-- Generated by org.testng.reporters.JUnitReportReporter -->
<testsuite hostname="DESKTOP-141UIPT" failures="0" tests="1" name="com.crmPRACTICE.PracticeForGenericUtils" time="0.036" errors="0" timestamp="2022-02-22T10:41:11 IST" skipped="0">
  <testcase classname="com.crmPRACTICE.PracticeForGenericUtils" name="practiceforgenericutils" time="0.036"/>
  <system-out/>
</testsuite> <!-- com.crmPRACTICE.PracticeForGenericUtils -->
