<?xml version="1.0" encoding="UTF-8"?>
<!-- Generated by org.testng.reporters.JUnitReportReporter -->
<testsuite hostname="DESKTOP-141UIPT" failures="0" tests="1" name="com.crm.OrganizationTests.CreateOrganizationwithpropertyFile" time="12.375" errors="0" timestamp="2022-02-22T16:24:50 IST" skipped="0">
  <testcase classname="com.crm.OrganizationTests.CreateOrganizationwithpropertyFile" name="createOrganizationwithpropertyFile" time="12.375"/>
  <system-out/>
</testsuite> <!-- com.crm.OrganizationTests.CreateOrganizationwithpropertyFile -->
