<?xml version="1.0" encoding="UTF-8"?>
<!-- Generated by org.testng.reporters.JUnitReportReporter -->
<testsuite hostname="DESKTOP-141UIPT" failures="0" tests="1" name="com.crmPRACTICE.ReadDataFromCmdlineTest" time="0.011" errors="0" timestamp="2022-02-20T19:54:20 IST" skipped="0">
  <testcase classname="com.crmPRACTICE.ReadDataFromCmdlineTest" name="readDataFromCmdLineTest" time="0.011"/>
  <system-out/>
</testsuite> <!-- com.crmPRACTICE.ReadDataFromCmdlineTest -->
