<?xml version="1.0" encoding="UTF-8"?>
<!-- Generated by org.testng.reporters.JUnitReportReporter -->
<testsuite hostname="DESKTOP-141UIPT" failures="0" tests="1" name="com.crm.Assignment.EditLeadByClickingonEditOption" time="74.338" errors="0" timestamp="2023-03-04T10:07:15 IST" skipped="0">
  <testcase classname="com.crm.Assignment.EditLeadByClickingonEditOption" name="editLeadByClickingOnEditOption" time="74.338"/>
  <system-out/>
</testsuite> <!-- com.crm.Assignment.EditLeadByClickingonEditOption -->
