<?xml version="1.0" encoding="UTF-8"?>
<!-- Generated by org.testng.reporters.JUnitReportReporter -->
<testsuite hostname="DESKTOP-141UIPT" failures="0" tests="1" name="CalenderPopUp.SelectDateInCalender" time="11.008" errors="0" timestamp="2022-03-09T19:40:21 IST" skipped="0">
  <testcase classname="CalenderPopUp.SelectDateInCalender" name="selectDate" time="11.008"/>
  <system-out/>
</testsuite> <!-- CalenderPopUp.SelectDateInCalender -->
