<?xml version="1.0" encoding="UTF-8"?>
<!-- Generated by org.testng.reporters.JUnitReportReporter -->
<testsuite hostname="DESKTOP-141UIPT" failures="0" tests="1" name="com.crmPRACTICE.DebuggingPractice" time="2.900" errors="0" timestamp="2022-03-17T17:10:16 IST" skipped="0">
  <testcase classname="com.crmPRACTICE.DebuggingPractice" name="debugPractice" time="2.900"/>
  <system-out/>
</testsuite> <!-- com.crmPRACTICE.DebuggingPractice -->
